Analysis & Synthesis report for WRITING_TO_BOARD_SRAM
Thu Oct 19 20:36:08 2017
Quartus Prime Version 16.0.0 Build 211 04/27/2016 SJ Lite Edition


---------------------
; Table of Contents ;
---------------------
  1. Legal Notice
  2. Analysis & Synthesis Summary
  3. Analysis & Synthesis Settings
  4. Parallel Compilation
  5. Analysis & Synthesis Source Files Read
  6. Analysis & Synthesis Resource Usage Summary
  7. Analysis & Synthesis Resource Utilization by Entity
  8. General Register Statistics
  9. Post-Synthesis Netlist Statistics for Top Partition
 10. Elapsed Time Per Partition
 11. Analysis & Synthesis Messages



----------------
; Legal Notice ;
----------------
Copyright (C) 1991-2016 Altera Corporation. All rights reserved.
Your use of Altera Corporation's design tools, logic functions 
and other software and tools, and its AMPP partner logic 
functions, and any output files from any of the foregoing 
(including device programming or simulation files), and any 
associated documentation or information are expressly subject 
to the terms and conditions of the Altera Program License 
Subscription Agreement, the Altera Quartus Prime License Agreement,
the Altera MegaCore Function License Agreement, or other 
applicable license agreement, including, without limitation, 
that your use is for the sole purpose of programming logic 
devices manufactured by Altera and sold by Altera or its 
authorized distributors.  Please refer to the applicable 
agreement for further details.



+----------------------------------------------------------------------------------+
; Analysis & Synthesis Summary                                                     ;
+------------------------------------+---------------------------------------------+
; Analysis & Synthesis Status        ; Successful - Thu Oct 19 20:36:08 2017       ;
; Quartus Prime Version              ; 16.0.0 Build 211 04/27/2016 SJ Lite Edition ;
; Revision Name                      ; WRITING_TO_BOARD_SRAM                       ;
; Top-level Entity Name              ; Sram                                        ;
; Family                             ; Cyclone IV E                                ;
; Total logic elements               ; 14                                          ;
;     Total combinational functions  ; 14                                          ;
;     Dedicated logic registers      ; 0                                           ;
; Total registers                    ; 0                                           ;
; Total pins                         ; 102                                         ;
; Total virtual pins                 ; 0                                           ;
; Total memory bits                  ; 0                                           ;
; Embedded Multiplier 9-bit elements ; 0                                           ;
; Total PLLs                         ; 0                                           ;
+------------------------------------+---------------------------------------------+


+-------------------------------------------------------------------------------------------------------------------------+
; Analysis & Synthesis Settings                                                                                           ;
+----------------------------------------------------------------------------+--------------------+-----------------------+
; Option                                                                     ; Setting            ; Default Value         ;
+----------------------------------------------------------------------------+--------------------+-----------------------+
; Device                                                                     ; EP4CE115F29C7      ;                       ;
; Top-level entity name                                                      ; Sram               ; WRITING_TO_BOARD_SRAM ;
; Family name                                                                ; Cyclone IV E       ; Cyclone V             ;
; Use smart compilation                                                      ; Off                ; Off                   ;
; Enable parallel Assembler and TimeQuest Timing Analyzer during compilation ; On                 ; On                    ;
; Enable compact report table                                                ; Off                ; Off                   ;
; Restructure Multiplexers                                                   ; Auto               ; Auto                  ;
; Create Debugging Nodes for IP Cores                                        ; Off                ; Off                   ;
; Preserve fewer node names                                                  ; On                 ; On                    ;
; Disable OpenCore Plus hardware evaluation                                  ; Off                ; Off                   ;
; Verilog Version                                                            ; Verilog_2001       ; Verilog_2001          ;
; VHDL Version                                                               ; VHDL_1993          ; VHDL_1993             ;
; State Machine Processing                                                   ; Auto               ; Auto                  ;
; Safe State Machine                                                         ; Off                ; Off                   ;
; Extract Verilog State Machines                                             ; On                 ; On                    ;
; Extract VHDL State Machines                                                ; On                 ; On                    ;
; Ignore Verilog initial constructs                                          ; Off                ; Off                   ;
; Iteration limit for constant Verilog loops                                 ; 5000               ; 5000                  ;
; Iteration limit for non-constant Verilog loops                             ; 250                ; 250                   ;
; Add Pass-Through Logic to Inferred RAMs                                    ; On                 ; On                    ;
; Infer RAMs from Raw Logic                                                  ; On                 ; On                    ;
; Parallel Synthesis                                                         ; On                 ; On                    ;
; DSP Block Balancing                                                        ; Auto               ; Auto                  ;
; NOT Gate Push-Back                                                         ; On                 ; On                    ;
; Power-Up Don't Care                                                        ; On                 ; On                    ;
; Remove Redundant Logic Cells                                               ; Off                ; Off                   ;
; Remove Duplicate Registers                                                 ; On                 ; On                    ;
; Ignore CARRY Buffers                                                       ; Off                ; Off                   ;
; Ignore CASCADE Buffers                                                     ; Off                ; Off                   ;
; Ignore GLOBAL Buffers                                                      ; Off                ; Off                   ;
; Ignore ROW GLOBAL Buffers                                                  ; Off                ; Off                   ;
; Ignore LCELL Buffers                                                       ; Off                ; Off                   ;
; Ignore SOFT Buffers                                                        ; On                 ; On                    ;
; Limit AHDL Integers to 32 Bits                                             ; Off                ; Off                   ;
; Optimization Technique                                                     ; Balanced           ; Balanced              ;
; Carry Chain Length                                                         ; 70                 ; 70                    ;
; Auto Carry Chains                                                          ; On                 ; On                    ;
; Auto Open-Drain Pins                                                       ; On                 ; On                    ;
; Perform WYSIWYG Primitive Resynthesis                                      ; Off                ; Off                   ;
; Auto ROM Replacement                                                       ; On                 ; On                    ;
; Auto RAM Replacement                                                       ; On                 ; On                    ;
; Auto DSP Block Replacement                                                 ; On                 ; On                    ;
; Auto Shift Register Replacement                                            ; Auto               ; Auto                  ;
; Allow Shift Register Merging across Hierarchies                            ; Auto               ; Auto                  ;
; Auto Clock Enable Replacement                                              ; On                 ; On                    ;
; Strict RAM Replacement                                                     ; Off                ; Off                   ;
; Allow Synchronous Control Signals                                          ; On                 ; On                    ;
; Force Use of Synchronous Clear Signals                                     ; Off                ; Off                   ;
; Auto RAM Block Balancing                                                   ; On                 ; On                    ;
; Auto RAM to Logic Cell Conversion                                          ; Off                ; Off                   ;
; Auto Resource Sharing                                                      ; Off                ; Off                   ;
; Allow Any RAM Size For Recognition                                         ; Off                ; Off                   ;
; Allow Any ROM Size For Recognition                                         ; Off                ; Off                   ;
; Allow Any Shift Register Size For Recognition                              ; Off                ; Off                   ;
; Use LogicLock Constraints during Resource Balancing                        ; On                 ; On                    ;
; Ignore translate_off and synthesis_off directives                          ; Off                ; Off                   ;
; Timing-Driven Synthesis                                                    ; On                 ; On                    ;
; Report Parameter Settings                                                  ; On                 ; On                    ;
; Report Source Assignments                                                  ; On                 ; On                    ;
; Report Connectivity Checks                                                 ; On                 ; On                    ;
; Ignore Maximum Fan-Out Assignments                                         ; Off                ; Off                   ;
; Synchronization Register Chain Length                                      ; 2                  ; 2                     ;
; PowerPlay Power Optimization During Synthesis                              ; Normal compilation ; Normal compilation    ;
; HDL message level                                                          ; Level2             ; Level2                ;
; Suppress Register Optimization Related Messages                            ; Off                ; Off                   ;
; Number of Removed Registers Reported in Synthesis Report                   ; 5000               ; 5000                  ;
; Number of Swept Nodes Reported in Synthesis Report                         ; 5000               ; 5000                  ;
; Number of Inverted Registers Reported in Synthesis Report                  ; 100                ; 100                   ;
; Clock MUX Protection                                                       ; On                 ; On                    ;
; Auto Gated Clock Conversion                                                ; Off                ; Off                   ;
; Block Design Naming                                                        ; Auto               ; Auto                  ;
; SDC constraint protection                                                  ; Off                ; Off                   ;
; Synthesis Effort                                                           ; Auto               ; Auto                  ;
; Shift Register Replacement - Allow Asynchronous Clear Signal               ; On                 ; On                    ;
; Pre-Mapping Resynthesis Optimization                                       ; Off                ; Off                   ;
; Analysis & Synthesis Message Level                                         ; Medium             ; Medium                ;
; Disable Register Merging Across Hierarchies                                ; Auto               ; Auto                  ;
; Resource Aware Inference For Block RAM                                     ; On                 ; On                    ;
; Synthesis Seed                                                             ; 1                  ; 1                     ;
+----------------------------------------------------------------------------+--------------------+-----------------------+


Parallel compilation was disabled, but you have multiple processors available. Enable parallel compilation to reduce compilation time.
+-------------------------------------+
; Parallel Compilation                ;
+----------------------------+--------+
; Processors                 ; Number ;
+----------------------------+--------+
; Number detected on machine ; 4      ;
; Maximum allowed            ; 1      ;
+----------------------------+--------+


+--------------------------------------------------------------------------------------------------------------------------------------------------------------------+
; Analysis & Synthesis Source Files Read                                                                                                                             ;
+----------------------------------+-----------------+-----------------+-----------------------------------------------------------------------------------+---------+
; File Name with User-Entered Path ; Used in Netlist ; File Type       ; File Name with Absolute Path                                                      ; Library ;
+----------------------------------+-----------------+-----------------+-----------------------------------------------------------------------------------+---------+
; Sram.vhd                         ; yes             ; User VHDL File  ; /mnt/STORAGE/GUTIERREZJETER_CSC343_FALL_2017/WRITING_TO_BOARD_SRAM/Sram.vhd       ;         ;
; dec_to_hex.vhd                   ; yes             ; User VHDL File  ; /mnt/STORAGE/GUTIERREZJETER_CSC343_FALL_2017/WRITING_TO_BOARD_SRAM/dec_to_hex.vhd ;         ;
+----------------------------------+-----------------+-----------------+-----------------------------------------------------------------------------------+---------+


+--------------------------------------------------------------+
; Analysis & Synthesis Resource Usage Summary                  ;
+---------------------------------------------+----------------+
; Resource                                    ; Usage          ;
+---------------------------------------------+----------------+
; Estimated Total logic elements              ; 14             ;
;                                             ;                ;
; Total combinational functions               ; 14             ;
; Logic element usage by number of LUT inputs ;                ;
;     -- 4 input functions                    ; 14             ;
;     -- 3 input functions                    ; 0              ;
;     -- <=2 input functions                  ; 0              ;
;                                             ;                ;
; Logic elements by mode                      ;                ;
;     -- normal mode                          ; 14             ;
;     -- arithmetic mode                      ; 0              ;
;                                             ;                ;
; Total registers                             ; 0              ;
;     -- Dedicated logic registers            ; 0              ;
;     -- I/O registers                        ; 0              ;
;                                             ;                ;
; I/O pins                                    ; 102            ;
;                                             ;                ;
; Embedded Multiplier 9-bit elements          ; 0              ;
;                                             ;                ;
; Maximum fan-out node                        ; INPUT_WE~input ;
; Maximum fan-out                             ; 9              ;
; Total fan-out                               ; 221            ;
; Average fan-out                             ; 0.94           ;
+---------------------------------------------+----------------+


+--------------------------------------------------------------------------------------------------------------------------------------------------------------------------------------------+
; Analysis & Synthesis Resource Utilization by Entity                                                                                                                                        ;
+----------------------------+-------------------+--------------+-------------+--------------+---------+-----------+------+--------------+----------------------+-------------+--------------+
; Compilation Hierarchy Node ; LC Combinationals ; LC Registers ; Memory Bits ; DSP Elements ; DSP 9x9 ; DSP 18x18 ; Pins ; Virtual Pins ; Full Hierarchy Name  ; Entity Name ; Library Name ;
+----------------------------+-------------------+--------------+-------------+--------------+---------+-----------+------+--------------+----------------------+-------------+--------------+
; |Sram                      ; 14 (0)            ; 0 (0)        ; 0           ; 0            ; 0       ; 0         ; 102  ; 0            ; |Sram                ; Sram        ; work         ;
;    |dec_to_hex:Hx0|        ; 7 (7)             ; 0 (0)        ; 0           ; 0            ; 0       ; 0         ; 0    ; 0            ; |Sram|dec_to_hex:Hx0 ; dec_to_hex  ; work         ;
;    |dec_to_hex:Hx1|        ; 7 (7)             ; 0 (0)        ; 0           ; 0            ; 0       ; 0         ; 0    ; 0            ; |Sram|dec_to_hex:Hx1 ; dec_to_hex  ; work         ;
+----------------------------+-------------------+--------------+-------------+--------------+---------+-----------+------+--------------+----------------------+-------------+--------------+
Note: For table entries with two numbers listed, the numbers in parentheses indicate the number of resources of the given type used by the specific entity alone. The numbers listed outside of parentheses indicate the total resources of the given type used by the specific entity and all of its sub-entities in the hierarchy.


+------------------------------------------------------+
; General Register Statistics                          ;
+----------------------------------------------+-------+
; Statistic                                    ; Value ;
+----------------------------------------------+-------+
; Total registers                              ; 0     ;
; Number of registers using Synchronous Clear  ; 0     ;
; Number of registers using Synchronous Load   ; 0     ;
; Number of registers using Asynchronous Clear ; 0     ;
; Number of registers using Asynchronous Load  ; 0     ;
; Number of registers using Clock Enable       ; 0     ;
; Number of registers using Preset             ; 0     ;
+----------------------------------------------+-------+


+-----------------------------------------------------+
; Post-Synthesis Netlist Statistics for Top Partition ;
+-----------------------+-----------------------------+
; Type                  ; Count                       ;
+-----------------------+-----------------------------+
; boundary_port         ; 102                         ;
; cycloneiii_io_obuf    ; 16                          ;
; cycloneiii_lcell_comb ; 19                          ;
;     normal            ; 19                          ;
;         0 data inputs ; 2                           ;
;         1 data inputs ; 3                           ;
;         4 data inputs ; 14                          ;
;                       ;                             ;
; Max LUT depth         ; 2.00                        ;
; Average LUT depth     ; 0.63                        ;
+-----------------------+-----------------------------+


+-------------------------------+
; Elapsed Time Per Partition    ;
+----------------+--------------+
; Partition Name ; Elapsed Time ;
+----------------+--------------+
; Top            ; 00:00:00     ;
+----------------+--------------+


+-------------------------------+
; Analysis & Synthesis Messages ;
+-------------------------------+
Info: *******************************************************************
Info: Running Quartus Prime Analysis & Synthesis
    Info: Version 16.0.0 Build 211 04/27/2016 SJ Lite Edition
    Info: Processing started: Thu Oct 19 20:35:50 2017
Info: Command: quartus_map --read_settings_files=on --write_settings_files=off WRITING_TO_BOARD_SRAM -c WRITING_TO_BOARD_SRAM
Warning (20028): Parallel compilation is not licensed and has been disabled
Info (12021): Found 2 design units, including 1 entities, in source file Sram.vhd
    Info (12022): Found design unit 1: Sram-arch File: /mnt/STORAGE/GUTIERREZJETER_CSC343_FALL_2017/WRITING_TO_BOARD_SRAM/Sram.vhd Line: 21
    Info (12023): Found entity 1: Sram File: /mnt/STORAGE/GUTIERREZJETER_CSC343_FALL_2017/WRITING_TO_BOARD_SRAM/Sram.vhd Line: 3
Info (12021): Found 2 design units, including 1 entities, in source file dec_to_hex.vhd
    Info (12022): Found design unit 1: dec_to_hex-s File: /mnt/STORAGE/GUTIERREZJETER_CSC343_FALL_2017/WRITING_TO_BOARD_SRAM/dec_to_hex.vhd Line: 18
    Info (12023): Found entity 1: dec_to_hex File: /mnt/STORAGE/GUTIERREZJETER_CSC343_FALL_2017/WRITING_TO_BOARD_SRAM/dec_to_hex.vhd Line: 6
Info (12127): Elaborating entity "Sram" for the top level hierarchy
Info (12128): Elaborating entity "dec_to_hex" for hierarchy "dec_to_hex:Hx0" File: /mnt/STORAGE/GUTIERREZJETER_CSC343_FALL_2017/WRITING_TO_BOARD_SRAM/Sram.vhd Line: 56
Warning (13032): The following tri-state nodes are fed by constants
    Warning (13033): The pin "SRAM_DQ[8]" is fed by GND File: /mnt/STORAGE/GUTIERREZJETER_CSC343_FALL_2017/WRITING_TO_BOARD_SRAM/Sram.vhd Line: 10
    Warning (13033): The pin "SRAM_DQ[9]" is fed by GND File: /mnt/STORAGE/GUTIERREZJETER_CSC343_FALL_2017/WRITING_TO_BOARD_SRAM/Sram.vhd Line: 10
    Warning (13033): The pin "SRAM_DQ[10]" is fed by GND File: /mnt/STORAGE/GUTIERREZJETER_CSC343_FALL_2017/WRITING_TO_BOARD_SRAM/Sram.vhd Line: 10
    Warning (13033): The pin "SRAM_DQ[11]" is fed by GND File: /mnt/STORAGE/GUTIERREZJETER_CSC343_FALL_2017/WRITING_TO_BOARD_SRAM/Sram.vhd Line: 10
    Warning (13033): The pin "SRAM_DQ[12]" is fed by GND File: /mnt/STORAGE/GUTIERREZJETER_CSC343_FALL_2017/WRITING_TO_BOARD_SRAM/Sram.vhd Line: 10
    Warning (13033): The pin "SRAM_DQ[13]" is fed by GND File: /mnt/STORAGE/GUTIERREZJETER_CSC343_FALL_2017/WRITING_TO_BOARD_SRAM/Sram.vhd Line: 10
    Warning (13033): The pin "SRAM_DQ[14]" is fed by GND File: /mnt/STORAGE/GUTIERREZJETER_CSC343_FALL_2017/WRITING_TO_BOARD_SRAM/Sram.vhd Line: 10
    Warning (13033): The pin "SRAM_DQ[15]" is fed by GND File: /mnt/STORAGE/GUTIERREZJETER_CSC343_FALL_2017/WRITING_TO_BOARD_SRAM/Sram.vhd Line: 10
Info (13036): One or more bidirectional pins are fed by always-enabled (GND-fed) open-drain buffers
    Info (13037): Fan-out of permanently enabled (GND-fed) open-drain buffer feeding bidirectional pin "SRAM_DQ[8]" is set to GND File: /mnt/STORAGE/GUTIERREZJETER_CSC343_FALL_2017/WRITING_TO_BOARD_SRAM/Sram.vhd Line: 10
    Info (13037): Fan-out of permanently enabled (GND-fed) open-drain buffer feeding bidirectional pin "SRAM_DQ[9]" is set to GND File: /mnt/STORAGE/GUTIERREZJETER_CSC343_FALL_2017/WRITING_TO_BOARD_SRAM/Sram.vhd Line: 10
    Info (13037): Fan-out of permanently enabled (GND-fed) open-drain buffer feeding bidirectional pin "SRAM_DQ[10]" is set to GND File: /mnt/STORAGE/GUTIERREZJETER_CSC343_FALL_2017/WRITING_TO_BOARD_SRAM/Sram.vhd Line: 10
    Info (13037): Fan-out of permanently enabled (GND-fed) open-drain buffer feeding bidirectional pin "SRAM_DQ[11]" is set to GND File: /mnt/STORAGE/GUTIERREZJETER_CSC343_FALL_2017/WRITING_TO_BOARD_SRAM/Sram.vhd Line: 10
    Info (13037): Fan-out of permanently enabled (GND-fed) open-drain buffer feeding bidirectional pin "SRAM_DQ[12]" is set to GND File: /mnt/STORAGE/GUTIERREZJETER_CSC343_FALL_2017/WRITING_TO_BOARD_SRAM/Sram.vhd Line: 10
    Info (13037): Fan-out of permanently enabled (GND-fed) open-drain buffer feeding bidirectional pin "SRAM_DQ[13]" is set to GND File: /mnt/STORAGE/GUTIERREZJETER_CSC343_FALL_2017/WRITING_TO_BOARD_SRAM/Sram.vhd Line: 10
    Info (13037): Fan-out of permanently enabled (GND-fed) open-drain buffer feeding bidirectional pin "SRAM_DQ[14]" is set to GND File: /mnt/STORAGE/GUTIERREZJETER_CSC343_FALL_2017/WRITING_TO_BOARD_SRAM/Sram.vhd Line: 10
    Info (13037): Fan-out of permanently enabled (GND-fed) open-drain buffer feeding bidirectional pin "SRAM_DQ[15]" is set to GND File: /mnt/STORAGE/GUTIERREZJETER_CSC343_FALL_2017/WRITING_TO_BOARD_SRAM/Sram.vhd Line: 10
Warning (13024): Output pins are stuck at VCC or GND
    Warning (13410): Pin "LEDR[8]" is stuck at GND File: /mnt/STORAGE/GUTIERREZJETER_CSC343_FALL_2017/WRITING_TO_BOARD_SRAM/Sram.vhd Line: 8
    Warning (13410): Pin "LEDR[9]" is stuck at GND File: /mnt/STORAGE/GUTIERREZJETER_CSC343_FALL_2017/WRITING_TO_BOARD_SRAM/Sram.vhd Line: 8
    Warning (13410): Pin "LEDR[10]" is stuck at GND File: /mnt/STORAGE/GUTIERREZJETER_CSC343_FALL_2017/WRITING_TO_BOARD_SRAM/Sram.vhd Line: 8
    Warning (13410): Pin "LEDR[11]" is stuck at GND File: /mnt/STORAGE/GUTIERREZJETER_CSC343_FALL_2017/WRITING_TO_BOARD_SRAM/Sram.vhd Line: 8
    Warning (13410): Pin "LEDR[12]" is stuck at GND File: /mnt/STORAGE/GUTIERREZJETER_CSC343_FALL_2017/WRITING_TO_BOARD_SRAM/Sram.vhd Line: 8
    Warning (13410): Pin "LEDR[13]" is stuck at GND File: /mnt/STORAGE/GUTIERREZJETER_CSC343_FALL_2017/WRITING_TO_BOARD_SRAM/Sram.vhd Line: 8
    Warning (13410): Pin "LEDR[14]" is stuck at GND File: /mnt/STORAGE/GUTIERREZJETER_CSC343_FALL_2017/WRITING_TO_BOARD_SRAM/Sram.vhd Line: 8
    Warning (13410): Pin "LEDR[15]" is stuck at GND File: /mnt/STORAGE/GUTIERREZJETER_CSC343_FALL_2017/WRITING_TO_BOARD_SRAM/Sram.vhd Line: 8
    Warning (13410): Pin "SRAM_ADDR[8]" is stuck at GND File: /mnt/STORAGE/GUTIERREZJETER_CSC343_FALL_2017/WRITING_TO_BOARD_SRAM/Sram.vhd Line: 9
    Warning (13410): Pin "SRAM_ADDR[9]" is stuck at GND File: /mnt/STORAGE/GUTIERREZJETER_CSC343_FALL_2017/WRITING_TO_BOARD_SRAM/Sram.vhd Line: 9
    Warning (13410): Pin "SRAM_ADDR[10]" is stuck at GND File: /mnt/STORAGE/GUTIERREZJETER_CSC343_FALL_2017/WRITING_TO_BOARD_SRAM/Sram.vhd Line: 9
    Warning (13410): Pin "SRAM_ADDR[11]" is stuck at GND File: /mnt/STORAGE/GUTIERREZJETER_CSC343_FALL_2017/WRITING_TO_BOARD_SRAM/Sram.vhd Line: 9
    Warning (13410): Pin "SRAM_ADDR[12]" is stuck at GND File: /mnt/STORAGE/GUTIERREZJETER_CSC343_FALL_2017/WRITING_TO_BOARD_SRAM/Sram.vhd Line: 9
    Warning (13410): Pin "SRAM_ADDR[13]" is stuck at GND File: /mnt/STORAGE/GUTIERREZJETER_CSC343_FALL_2017/WRITING_TO_BOARD_SRAM/Sram.vhd Line: 9
    Warning (13410): Pin "SRAM_ADDR[14]" is stuck at GND File: /mnt/STORAGE/GUTIERREZJETER_CSC343_FALL_2017/WRITING_TO_BOARD_SRAM/Sram.vhd Line: 9
    Warning (13410): Pin "SRAM_ADDR[15]" is stuck at GND File: /mnt/STORAGE/GUTIERREZJETER_CSC343_FALL_2017/WRITING_TO_BOARD_SRAM/Sram.vhd Line: 9
    Warning (13410): Pin "SRAM_ADDR[16]" is stuck at GND File: /mnt/STORAGE/GUTIERREZJETER_CSC343_FALL_2017/WRITING_TO_BOARD_SRAM/Sram.vhd Line: 9
    Warning (13410): Pin "SRAM_ADDR[17]" is stuck at GND File: /mnt/STORAGE/GUTIERREZJETER_CSC343_FALL_2017/WRITING_TO_BOARD_SRAM/Sram.vhd Line: 9
    Warning (13410): Pin "SRAM_ADDR[18]" is stuck at GND File: /mnt/STORAGE/GUTIERREZJETER_CSC343_FALL_2017/WRITING_TO_BOARD_SRAM/Sram.vhd Line: 9
    Warning (13410): Pin "SRAM_ADDR[19]" is stuck at GND File: /mnt/STORAGE/GUTIERREZJETER_CSC343_FALL_2017/WRITING_TO_BOARD_SRAM/Sram.vhd Line: 9
    Warning (13410): Pin "SRAM_CE_N" is stuck at GND File: /mnt/STORAGE/GUTIERREZJETER_CSC343_FALL_2017/WRITING_TO_BOARD_SRAM/Sram.vhd Line: 11
    Warning (13410): Pin "SRAM_OE_N" is stuck at GND File: /mnt/STORAGE/GUTIERREZJETER_CSC343_FALL_2017/WRITING_TO_BOARD_SRAM/Sram.vhd Line: 12
    Warning (13410): Pin "SRAM_UB_N" is stuck at GND File: /mnt/STORAGE/GUTIERREZJETER_CSC343_FALL_2017/WRITING_TO_BOARD_SRAM/Sram.vhd Line: 14
    Warning (13410): Pin "SRAM_LB_N" is stuck at GND File: /mnt/STORAGE/GUTIERREZJETER_CSC343_FALL_2017/WRITING_TO_BOARD_SRAM/Sram.vhd Line: 15
    Warning (13410): Pin "HEX33[0]" is stuck at GND File: /mnt/STORAGE/GUTIERREZJETER_CSC343_FALL_2017/WRITING_TO_BOARD_SRAM/Sram.vhd Line: 18
    Warning (13410): Pin "HEX33[1]" is stuck at GND File: /mnt/STORAGE/GUTIERREZJETER_CSC343_FALL_2017/WRITING_TO_BOARD_SRAM/Sram.vhd Line: 18
    Warning (13410): Pin "HEX33[2]" is stuck at GND File: /mnt/STORAGE/GUTIERREZJETER_CSC343_FALL_2017/WRITING_TO_BOARD_SRAM/Sram.vhd Line: 18
    Warning (13410): Pin "HEX33[3]" is stuck at GND File: /mnt/STORAGE/GUTIERREZJETER_CSC343_FALL_2017/WRITING_TO_BOARD_SRAM/Sram.vhd Line: 18
    Warning (13410): Pin "HEX33[4]" is stuck at GND File: /mnt/STORAGE/GUTIERREZJETER_CSC343_FALL_2017/WRITING_TO_BOARD_SRAM/Sram.vhd Line: 18
    Warning (13410): Pin "HEX33[5]" is stuck at GND File: /mnt/STORAGE/GUTIERREZJETER_CSC343_FALL_2017/WRITING_TO_BOARD_SRAM/Sram.vhd Line: 18
    Warning (13410): Pin "HEX33[6]" is stuck at VCC File: /mnt/STORAGE/GUTIERREZJETER_CSC343_FALL_2017/WRITING_TO_BOARD_SRAM/Sram.vhd Line: 18
    Warning (13410): Pin "HEX44[0]" is stuck at GND File: /mnt/STORAGE/GUTIERREZJETER_CSC343_FALL_2017/WRITING_TO_BOARD_SRAM/Sram.vhd Line: 19
    Warning (13410): Pin "HEX44[1]" is stuck at GND File: /mnt/STORAGE/GUTIERREZJETER_CSC343_FALL_2017/WRITING_TO_BOARD_SRAM/Sram.vhd Line: 19
    Warning (13410): Pin "HEX44[2]" is stuck at GND File: /mnt/STORAGE/GUTIERREZJETER_CSC343_FALL_2017/WRITING_TO_BOARD_SRAM/Sram.vhd Line: 19
    Warning (13410): Pin "HEX44[3]" is stuck at GND File: /mnt/STORAGE/GUTIERREZJETER_CSC343_FALL_2017/WRITING_TO_BOARD_SRAM/Sram.vhd Line: 19
    Warning (13410): Pin "HEX44[4]" is stuck at GND File: /mnt/STORAGE/GUTIERREZJETER_CSC343_FALL_2017/WRITING_TO_BOARD_SRAM/Sram.vhd Line: 19
    Warning (13410): Pin "HEX44[5]" is stuck at GND File: /mnt/STORAGE/GUTIERREZJETER_CSC343_FALL_2017/WRITING_TO_BOARD_SRAM/Sram.vhd Line: 19
    Warning (13410): Pin "HEX44[6]" is stuck at VCC File: /mnt/STORAGE/GUTIERREZJETER_CSC343_FALL_2017/WRITING_TO_BOARD_SRAM/Sram.vhd Line: 19
Info (286030): Timing-Driven Synthesis is running
Warning (14632): Output pin "LEDR[0]" driven by bidirectional pin "SRAM_DQ[0]" cannot be tri-stated File: /mnt/STORAGE/GUTIERREZJETER_CSC343_FALL_2017/WRITING_TO_BOARD_SRAM/Sram.vhd Line: 8
Warning (14632): Output pin "LEDR[1]" driven by bidirectional pin "SRAM_DQ[1]" cannot be tri-stated File: /mnt/STORAGE/GUTIERREZJETER_CSC343_FALL_2017/WRITING_TO_BOARD_SRAM/Sram.vhd Line: 8
Warning (14632): Output pin "LEDR[2]" driven by bidirectional pin "SRAM_DQ[2]" cannot be tri-stated File: /mnt/STORAGE/GUTIERREZJETER_CSC343_FALL_2017/WRITING_TO_BOARD_SRAM/Sram.vhd Line: 8
Warning (14632): Output pin "LEDR[3]" driven by bidirectional pin "SRAM_DQ[3]" cannot be tri-stated File: /mnt/STORAGE/GUTIERREZJETER_CSC343_FALL_2017/WRITING_TO_BOARD_SRAM/Sram.vhd Line: 8
Warning (14632): Output pin "LEDR[4]" driven by bidirectional pin "SRAM_DQ[4]" cannot be tri-stated File: /mnt/STORAGE/GUTIERREZJETER_CSC343_FALL_2017/WRITING_TO_BOARD_SRAM/Sram.vhd Line: 8
Warning (14632): Output pin "LEDR[5]" driven by bidirectional pin "SRAM_DQ[5]" cannot be tri-stated File: /mnt/STORAGE/GUTIERREZJETER_CSC343_FALL_2017/WRITING_TO_BOARD_SRAM/Sram.vhd Line: 8
Warning (14632): Output pin "LEDR[6]" driven by bidirectional pin "SRAM_DQ[6]" cannot be tri-stated File: /mnt/STORAGE/GUTIERREZJETER_CSC343_FALL_2017/WRITING_TO_BOARD_SRAM/Sram.vhd Line: 8
Warning (14632): Output pin "LEDR[7]" driven by bidirectional pin "SRAM_DQ[7]" cannot be tri-stated File: /mnt/STORAGE/GUTIERREZJETER_CSC343_FALL_2017/WRITING_TO_BOARD_SRAM/Sram.vhd Line: 8
Info (16010): Generating hard_block partition "hard_block:auto_generated_inst"
    Info (16011): Adding 0 node(s), including 0 DDIO, 0 PLL, 0 transceiver and 0 LCELL
Info (21057): Implemented 116 device resources after synthesis - the final resource count might be different
    Info (21058): Implemented 17 input pins
    Info (21059): Implemented 69 output pins
    Info (21060): Implemented 16 bidirectional pins
    Info (21061): Implemented 14 logic cells
Info: Quartus Prime Analysis & Synthesis was successful. 0 errors, 57 warnings
    Info: Peak virtual memory: 1243 megabytes
    Info: Processing ended: Thu Oct 19 20:36:08 2017
    Info: Elapsed time: 00:00:18
    Info: Total CPU time (on all processors): 00:00:37


