Flow report for GUTIEREZ_JETER_LAB_3_FALL_2017
Sun Oct  1 23:59:05 2017
Quartus Prime Version 16.0.0 Build 211 04/27/2016 SJ Lite Edition


---------------------
; Table of Contents ;
---------------------
  1. Legal Notice
  2. Flow Summary
  3. Flow Settings
  4. Flow Non-Default Global Settings
  5. Flow Elapsed Time
  6. Flow OS Summary
  7. Flow Log
  8. Flow Messages
  9. Flow Suppressed Messages



----------------
; Legal Notice ;
----------------
Copyright (C) 1991-2016 Altera Corporation. All rights reserved.
Your use of Altera Corporation's design tools, logic functions 
and other software and tools, and its AMPP partner logic 
functions, and any output files from any of the foregoing 
(including device programming or simulation files), and any 
associated documentation or information are expressly subject 
to the terms and conditions of the Altera Program License 
Subscription Agreement, the Altera Quartus Prime License Agreement,
the Altera MegaCore Function License Agreement, or other 
applicable license agreement, including, without limitation, 
that your use is for the sole purpose of programming logic 
devices manufactured by Altera and sold by Altera or its 
authorized distributors.  Please refer to the applicable 
agreement for further details.



+----------------------------------------------------------------------------------+
; Flow Summary                                                                     ;
+------------------------------------+---------------------------------------------+
; Flow Status                        ; Successful - Sun Oct  1 23:59:05 2017       ;
; Quartus Prime Version              ; 16.0.0 Build 211 04/27/2016 SJ Lite Edition ;
; Revision Name                      ; GUTIEREZ_JETER_LAB_3_FALL_2017              ;
; Top-level Entity Name              ; GUTIERREZ_COMPARE_8_BITS_ADVANCE            ;
; Family                             ; Cyclone IV E                                ;
; Device                             ; EP4CE115F29C7                               ;
; Timing Models                      ; Final                                       ;
; Total logic elements               ; 22 / 114,480 ( < 1 % )                      ;
;     Total combinational functions  ; 22 / 114,480 ( < 1 % )                      ;
;     Dedicated logic registers      ; 0 / 114,480 ( 0 % )                         ;
; Total registers                    ; 0                                           ;
; Total pins                         ; 29 / 529 ( 5 % )                            ;
; Total virtual pins                 ; 0                                           ;
; Total memory bits                  ; 0 / 3,981,312 ( 0 % )                       ;
; Embedded Multiplier 9-bit elements ; 0 / 532 ( 0 % )                             ;
; Total PLLs                         ; 0 / 4 ( 0 % )                               ;
+------------------------------------+---------------------------------------------+


+----------------------------------------------------+
; Flow Settings                                      ;
+-------------------+--------------------------------+
; Option            ; Setting                        ;
+-------------------+--------------------------------+
; Start date & time ; 10/01/2017 23:58:32            ;
; Main task         ; Compilation                    ;
; Revision Name     ; GUTIEREZ_JETER_LAB_3_FALL_2017 ;
+-------------------+--------------------------------+


+---------------------------------------------------------------------------------------------------------------------------------------------------------+
; Flow Non-Default Global Settings                                                                                                                        ;
+-------------------------------------+----------------------------------+--------------------------------+----------------------------------+------------+
; Assignment Name                     ; Value                            ; Default Value                  ; Entity Name                      ; Section Id ;
+-------------------------------------+----------------------------------+--------------------------------+----------------------------------+------------+
; COMPILER_SIGNATURE_ID               ; 0.150690231206091                ; --                             ; --                               ; --         ;
; EDA_SIMULATION_TOOL                 ; ModelSim-Altera (Verilog)        ; <None>                         ; --                               ; --         ;
; MAX_CORE_JUNCTION_TEMP              ; 85                               ; --                             ; --                               ; --         ;
; MIN_CORE_JUNCTION_TEMP              ; 0                                ; --                             ; --                               ; --         ;
; PARTITION_COLOR                     ; 16764057                         ; --                             ; GUTIERREZ_COMPARE_8_BITS_ADVANCE ; Top        ;
; PARTITION_FITTER_PRESERVATION_LEVEL ; PLACEMENT_AND_ROUTING            ; --                             ; GUTIERREZ_COMPARE_8_BITS_ADVANCE ; Top        ;
; PARTITION_NETLIST_TYPE              ; SOURCE                           ; --                             ; GUTIERREZ_COMPARE_8_BITS_ADVANCE ; Top        ;
; PROJECT_OUTPUT_DIRECTORY            ; output_files                     ; --                             ; --                               ; --         ;
; TOP_LEVEL_ENTITY                    ; GUTIERREZ_COMPARE_8_BITS_ADVANCE ; GUTIEREZ_JETER_LAB_3_FALL_2017 ; --                               ; --         ;
+-------------------------------------+----------------------------------+--------------------------------+----------------------------------+------------+


+-------------------------------------------------------------------------------------------------------------------------------+
; Flow Elapsed Time                                                                                                             ;
+---------------------------+--------------+-------------------------+---------------------+------------------------------------+
; Module Name               ; Elapsed Time ; Average Processors Used ; Peak Virtual Memory ; Total CPU Time (on all processors) ;
+---------------------------+--------------+-------------------------+---------------------+------------------------------------+
; Analysis & Synthesis      ; 00:00:15     ; 1.0                     ; 1246 MB             ; 00:00:32                           ;
; Fitter                    ; 00:00:10     ; 1.0                     ; 1566 MB             ; 00:00:11                           ;
; Assembler                 ; 00:00:03     ; 1.0                     ; 1080 MB             ; 00:00:03                           ;
; TimeQuest Timing Analyzer ; 00:00:02     ; 1.0                     ; 1157 MB             ; 00:00:02                           ;
; EDA Netlist Writer        ; 00:00:01     ; 1.0                     ; 1321 MB             ; 00:00:01                           ;
; Total                     ; 00:00:31     ; --                      ; --                  ; 00:00:49                           ;
+---------------------------+--------------+-------------------------+---------------------+------------------------------------+


+---------------------------------------------------------------------------------------------+
; Flow OS Summary                                                                             ;
+---------------------------+------------------+----------------+------------+----------------+
; Module Name               ; Machine Hostname ; OS Name        ; OS Version ; Processor type ;
+---------------------------+------------------+----------------+------------+----------------+
; Analysis & Synthesis      ; ubuntu           ; Ubuntu 16.04.3 ; 16         ; x86_64         ;
; Fitter                    ; ubuntu           ; Ubuntu 16.04.3 ; 16         ; x86_64         ;
; Assembler                 ; ubuntu           ; Ubuntu 16.04.3 ; 16         ; x86_64         ;
; TimeQuest Timing Analyzer ; ubuntu           ; Ubuntu 16.04.3 ; 16         ; x86_64         ;
; EDA Netlist Writer        ; ubuntu           ; Ubuntu 16.04.3 ; 16         ; x86_64         ;
+---------------------------+------------------+----------------+------------+----------------+


------------
; Flow Log ;
------------
quartus_map --read_settings_files=on --write_settings_files=off GUTIEREZ_JETER_LAB_3_FALL_2017 -c GUTIEREZ_JETER_LAB_3_FALL_2017
quartus_fit --read_settings_files=off --write_settings_files=off GUTIEREZ_JETER_LAB_3_FALL_2017 -c GUTIEREZ_JETER_LAB_3_FALL_2017
quartus_asm --read_settings_files=off --write_settings_files=off GUTIEREZ_JETER_LAB_3_FALL_2017 -c GUTIEREZ_JETER_LAB_3_FALL_2017
quartus_sta GUTIEREZ_JETER_LAB_3_FALL_2017 -c GUTIEREZ_JETER_LAB_3_FALL_2017
quartus_eda --read_settings_files=off --write_settings_files=off GUTIEREZ_JETER_LAB_3_FALL_2017 -c GUTIEREZ_JETER_LAB_3_FALL_2017



