EDA Netlist Writer report for GUTIEREZ_JETER_LAB_3_FALL_2017
Sun Oct  1 23:59:05 2017
Quartus Prime Version 16.0.0 Build 211 04/27/2016 SJ Lite Edition


---------------------
; Table of Contents ;
---------------------
  1. Legal Notice
  2. EDA Netlist Writer Summary
  3. Simulation Settings
  4. Simulation Generated Files
  5. EDA Netlist Writer Messages



----------------
; Legal Notice ;
----------------
Copyright (C) 1991-2016 Altera Corporation. All rights reserved.
Your use of Altera Corporation's design tools, logic functions 
and other software and tools, and its AMPP partner logic 
functions, and any output files from any of the foregoing 
(including device programming or simulation files), and any 
associated documentation or information are expressly subject 
to the terms and conditions of the Altera Program License 
Subscription Agreement, the Altera Quartus Prime License Agreement,
the Altera MegaCore Function License Agreement, or other 
applicable license agreement, including, without limitation, 
that your use is for the sole purpose of programming logic 
devices manufactured by Altera and sold by Altera or its 
authorized distributors.  Please refer to the applicable 
agreement for further details.



+-------------------------------------------------------------------+
; EDA Netlist Writer Summary                                        ;
+---------------------------+---------------------------------------+
; EDA Netlist Writer Status ; Successful - Sun Oct  1 23:59:05 2017 ;
; Revision Name             ; GUTIEREZ_JETER_LAB_3_FALL_2017        ;
; Top-level Entity Name     ; GUTIERREZ_COMPARE_8_BITS_ADVANCE      ;
; Family                    ; Cyclone IV E                          ;
; Simulation Files Creation ; Successful                            ;
+---------------------------+---------------------------------------+


+-------------------------------------------------------------------------------------------------------------------------------+
; Simulation Settings                                                                                                           ;
+---------------------------------------------------------------------------------------------------+---------------------------+
; Option                                                                                            ; Setting                   ;
+---------------------------------------------------------------------------------------------------+---------------------------+
; Tool Name                                                                                         ; ModelSim-Altera (Verilog) ;
; Generate functional simulation netlist                                                            ; Off                       ;
; Time scale                                                                                        ; 1 ps                      ;
; Truncate long hierarchy paths                                                                     ; Off                       ;
; Map illegal HDL characters                                                                        ; Off                       ;
; Flatten buses into individual nodes                                                               ; Off                       ;
; Maintain hierarchy                                                                                ; Off                       ;
; Bring out device-wide set/reset signals as ports                                                  ; Off                       ;
; Enable glitch filtering                                                                           ; Off                       ;
; Do not write top level VHDL entity                                                                ; Off                       ;
; Disable detection of setup and hold time violations in the input registers of bi-directional pins ; Off                       ;
; Architecture name in VHDL output netlist                                                          ; structure                 ;
; Generate third-party EDA tool command script for RTL functional simulation                        ; Off                       ;
; Generate third-party EDA tool command script for gate-level simulation                            ; Off                       ;
+---------------------------------------------------------------------------------------------------+---------------------------+


+------------------------------------------------------------------------------------------------------------------------------------------------------------------------------------------------------------+
; Simulation Generated Files                                                                                                                                                                                 ;
+------------------------------------------------------------------------------------------------------------------------------------------------------------------------------------------------------------+
; Generated Files                                                                                                                                                                                            ;
+------------------------------------------------------------------------------------------------------------------------------------------------------------------------------------------------------------+
; /media/ubuntu/STORAGE/backup/GUTIERREZJETER_CSC343_FALL_2017/GUTIERREZ_JETER_CSC323_LAB3_MODELSIM_COMPARATOR_ADD_SUB_FALL_2017/simulation/modelsim/GUTIEREZ_JETER_LAB_3_FALL_2017_7_1200mv_85c_slow.vo     ;
; /media/ubuntu/STORAGE/backup/GUTIERREZJETER_CSC343_FALL_2017/GUTIERREZ_JETER_CSC323_LAB3_MODELSIM_COMPARATOR_ADD_SUB_FALL_2017/simulation/modelsim/GUTIEREZ_JETER_LAB_3_FALL_2017_7_1200mv_0c_slow.vo      ;
; /media/ubuntu/STORAGE/backup/GUTIERREZJETER_CSC343_FALL_2017/GUTIERREZ_JETER_CSC323_LAB3_MODELSIM_COMPARATOR_ADD_SUB_FALL_2017/simulation/modelsim/GUTIEREZ_JETER_LAB_3_FALL_2017_min_1200mv_0c_fast.vo    ;
; /media/ubuntu/STORAGE/backup/GUTIERREZJETER_CSC343_FALL_2017/GUTIERREZ_JETER_CSC323_LAB3_MODELSIM_COMPARATOR_ADD_SUB_FALL_2017/simulation/modelsim/GUTIEREZ_JETER_LAB_3_FALL_2017.vo                       ;
; /media/ubuntu/STORAGE/backup/GUTIERREZJETER_CSC343_FALL_2017/GUTIERREZ_JETER_CSC323_LAB3_MODELSIM_COMPARATOR_ADD_SUB_FALL_2017/simulation/modelsim/GUTIEREZ_JETER_LAB_3_FALL_2017_7_1200mv_85c_v_slow.sdo  ;
; /media/ubuntu/STORAGE/backup/GUTIERREZJETER_CSC343_FALL_2017/GUTIERREZ_JETER_CSC323_LAB3_MODELSIM_COMPARATOR_ADD_SUB_FALL_2017/simulation/modelsim/GUTIEREZ_JETER_LAB_3_FALL_2017_7_1200mv_0c_v_slow.sdo   ;
; /media/ubuntu/STORAGE/backup/GUTIERREZJETER_CSC343_FALL_2017/GUTIERREZ_JETER_CSC323_LAB3_MODELSIM_COMPARATOR_ADD_SUB_FALL_2017/simulation/modelsim/GUTIEREZ_JETER_LAB_3_FALL_2017_min_1200mv_0c_v_fast.sdo ;
; /media/ubuntu/STORAGE/backup/GUTIERREZJETER_CSC343_FALL_2017/GUTIERREZ_JETER_CSC323_LAB3_MODELSIM_COMPARATOR_ADD_SUB_FALL_2017/simulation/modelsim/GUTIEREZ_JETER_LAB_3_FALL_2017_v.sdo                    ;
+------------------------------------------------------------------------------------------------------------------------------------------------------------------------------------------------------------+


+-----------------------------+
; EDA Netlist Writer Messages ;
+-----------------------------+
Info: *******************************************************************
Info: Running Quartus Prime EDA Netlist Writer
    Info: Version 16.0.0 Build 211 04/27/2016 SJ Lite Edition
    Info: Processing started: Sun Oct  1 23:59:04 2017
Info: Command: quartus_eda --read_settings_files=off --write_settings_files=off GUTIEREZ_JETER_LAB_3_FALL_2017 -c GUTIEREZ_JETER_LAB_3_FALL_2017
Info (204019): Generated file GUTIEREZ_JETER_LAB_3_FALL_2017_7_1200mv_85c_slow.vo in folder "/media/ubuntu/STORAGE/backup/GUTIERREZJETER_CSC343_FALL_2017/GUTIERREZ_JETER_CSC323_LAB3_MODELSIM_COMPARATOR_ADD_SUB_FALL_2017/simulation/modelsim/" for EDA simulation tool
Info (204019): Generated file GUTIEREZ_JETER_LAB_3_FALL_2017_7_1200mv_0c_slow.vo in folder "/media/ubuntu/STORAGE/backup/GUTIERREZJETER_CSC343_FALL_2017/GUTIERREZ_JETER_CSC323_LAB3_MODELSIM_COMPARATOR_ADD_SUB_FALL_2017/simulation/modelsim/" for EDA simulation tool
Info (204019): Generated file GUTIEREZ_JETER_LAB_3_FALL_2017_min_1200mv_0c_fast.vo in folder "/media/ubuntu/STORAGE/backup/GUTIERREZJETER_CSC343_FALL_2017/GUTIERREZ_JETER_CSC323_LAB3_MODELSIM_COMPARATOR_ADD_SUB_FALL_2017/simulation/modelsim/" for EDA simulation tool
Info (204019): Generated file GUTIEREZ_JETER_LAB_3_FALL_2017.vo in folder "/media/ubuntu/STORAGE/backup/GUTIERREZJETER_CSC343_FALL_2017/GUTIERREZ_JETER_CSC323_LAB3_MODELSIM_COMPARATOR_ADD_SUB_FALL_2017/simulation/modelsim/" for EDA simulation tool
Info (204019): Generated file GUTIEREZ_JETER_LAB_3_FALL_2017_7_1200mv_85c_v_slow.sdo in folder "/media/ubuntu/STORAGE/backup/GUTIERREZJETER_CSC343_FALL_2017/GUTIERREZ_JETER_CSC323_LAB3_MODELSIM_COMPARATOR_ADD_SUB_FALL_2017/simulation/modelsim/" for EDA simulation tool
Info (204019): Generated file GUTIEREZ_JETER_LAB_3_FALL_2017_7_1200mv_0c_v_slow.sdo in folder "/media/ubuntu/STORAGE/backup/GUTIERREZJETER_CSC343_FALL_2017/GUTIERREZ_JETER_CSC323_LAB3_MODELSIM_COMPARATOR_ADD_SUB_FALL_2017/simulation/modelsim/" for EDA simulation tool
Info (204019): Generated file GUTIEREZ_JETER_LAB_3_FALL_2017_min_1200mv_0c_v_fast.sdo in folder "/media/ubuntu/STORAGE/backup/GUTIERREZJETER_CSC343_FALL_2017/GUTIERREZ_JETER_CSC323_LAB3_MODELSIM_COMPARATOR_ADD_SUB_FALL_2017/simulation/modelsim/" for EDA simulation tool
Info (204019): Generated file GUTIEREZ_JETER_LAB_3_FALL_2017_v.sdo in folder "/media/ubuntu/STORAGE/backup/GUTIERREZJETER_CSC343_FALL_2017/GUTIERREZ_JETER_CSC323_LAB3_MODELSIM_COMPARATOR_ADD_SUB_FALL_2017/simulation/modelsim/" for EDA simulation tool
Info: Quartus Prime EDA Netlist Writer was successful. 0 errors, 0 warnings
    Info: Peak virtual memory: 1321 megabytes
    Info: Processing ended: Sun Oct  1 23:59:05 2017
    Info: Elapsed time: 00:00:01
    Info: Total CPU time (on all processors): 00:00:01


