Flow report for GUTIERREZ_JETER_LAB_4_FALL_2017
Wed Oct  4 12:25:05 2017
Quartus Prime Version 16.0.0 Build 211 04/27/2016 SJ Lite Edition


---------------------
; Table of Contents ;
---------------------
  1. Legal Notice
  2. Flow Summary
  3. Flow Settings
  4. Flow Non-Default Global Settings
  5. Flow Elapsed Time
  6. Flow OS Summary
  7. Flow Log
  8. Flow Messages
  9. Flow Suppressed Messages



----------------
; Legal Notice ;
----------------
Copyright (C) 1991-2016 Altera Corporation. All rights reserved.
Your use of Altera Corporation's design tools, logic functions 
and other software and tools, and its AMPP partner logic 
functions, and any output files from any of the foregoing 
(including device programming or simulation files), and any 
associated documentation or information are expressly subject 
to the terms and conditions of the Altera Program License 
Subscription Agreement, the Altera Quartus Prime License Agreement,
the Altera MegaCore Function License Agreement, or other 
applicable license agreement, including, without limitation, 
that your use is for the sole purpose of programming logic 
devices manufactured by Altera and sold by Altera or its 
authorized distributors.  Please refer to the applicable 
agreement for further details.



+----------------------------------------------------------------------------------+
; Flow Summary                                                                     ;
+------------------------------------+---------------------------------------------+
; Flow Status                        ; Successful - Wed Oct  4 12:25:05 2017       ;
; Quartus Prime Version              ; 16.0.0 Build 211 04/27/2016 SJ Lite Edition ;
; Revision Name                      ; GUTIERREZ_JETER_LAB_4_FALL_2017             ;
; Top-level Entity Name              ; GUTIERREZ_OPCODE                            ;
; Family                             ; Cyclone IV E                                ;
; Device                             ; EP4CE115F29C7                               ;
; Timing Models                      ; Final                                       ;
; Total logic elements               ; 28 / 114,480 ( < 1 % )                      ;
;     Total combinational functions  ; 28 / 114,480 ( < 1 % )                      ;
;     Dedicated logic registers      ; 7 / 114,480 ( < 1 % )                       ;
; Total registers                    ; 7                                           ;
; Total pins                         ; 24 / 529 ( 5 % )                            ;
; Total virtual pins                 ; 0                                           ;
; Total memory bits                  ; 0 / 3,981,312 ( 0 % )                       ;
; Embedded Multiplier 9-bit elements ; 0 / 532 ( 0 % )                             ;
; Total PLLs                         ; 0 / 4 ( 0 % )                               ;
+------------------------------------+---------------------------------------------+


+-----------------------------------------------------+
; Flow Settings                                       ;
+-------------------+---------------------------------+
; Option            ; Setting                         ;
+-------------------+---------------------------------+
; Start date & time ; 10/04/2017 12:24:34             ;
; Main task         ; Compilation                     ;
; Revision Name     ; GUTIERREZ_JETER_LAB_4_FALL_2017 ;
+-------------------+---------------------------------+


+------------------------------------------------------------------------------------------------------------------------------------+
; Flow Non-Default Global Settings                                                                                                   ;
+-------------------------------------+------------------------+---------------------------------+------------------+----------------+
; Assignment Name                     ; Value                  ; Default Value                   ; Entity Name      ; Section Id     ;
+-------------------------------------+------------------------+---------------------------------+------------------+----------------+
; COMPILER_SIGNATURE_ID               ; 0.150713427405492      ; --                              ; --               ; --             ;
; EDA_OUTPUT_DATA_FORMAT              ; Vhdl                   ; --                              ; --               ; eda_simulation ;
; EDA_SIMULATION_TOOL                 ; ModelSim-Altera (VHDL) ; <None>                          ; --               ; --             ;
; MAX_CORE_JUNCTION_TEMP              ; 85                     ; --                              ; --               ; --             ;
; MIN_CORE_JUNCTION_TEMP              ; 0                      ; --                              ; --               ; --             ;
; NOMINAL_CORE_SUPPLY_VOLTAGE         ; 1.2V                   ; --                              ; --               ; --             ;
; PARTITION_COLOR                     ; 16764057               ; --                              ; GUTIERREZ_OPCODE ; Top            ;
; PARTITION_FITTER_PRESERVATION_LEVEL ; PLACEMENT_AND_ROUTING  ; --                              ; GUTIERREZ_OPCODE ; Top            ;
; PARTITION_NETLIST_TYPE              ; SOURCE                 ; --                              ; GUTIERREZ_OPCODE ; Top            ;
; PROJECT_OUTPUT_DIRECTORY            ; output_files           ; --                              ; --               ; --             ;
; TOP_LEVEL_ENTITY                    ; GUTIERREZ_OPCODE       ; GUTIERREZ_JETER_LAB_4_FALL_2017 ; --               ; --             ;
+-------------------------------------+------------------------+---------------------------------+------------------+----------------+


+-------------------------------------------------------------------------------------------------------------------------------+
; Flow Elapsed Time                                                                                                             ;
+---------------------------+--------------+-------------------------+---------------------+------------------------------------+
; Module Name               ; Elapsed Time ; Average Processors Used ; Peak Virtual Memory ; Total CPU Time (on all processors) ;
+---------------------------+--------------+-------------------------+---------------------+------------------------------------+
; Analysis & Synthesis      ; 00:00:13     ; 1.0                     ; 1238 MB             ; 00:00:28                           ;
; Fitter                    ; 00:00:11     ; 1.0                     ; 1559 MB             ; 00:00:13                           ;
; Assembler                 ; 00:00:03     ; 1.0                     ; 1069 MB             ; 00:00:03                           ;
; TimeQuest Timing Analyzer ; 00:00:02     ; 1.0                     ; 1148 MB             ; 00:00:02                           ;
; EDA Netlist Writer        ; 00:00:00     ; 1.0                     ; 1313 MB             ; 00:00:01                           ;
; Total                     ; 00:00:29     ; --                      ; --                  ; 00:00:47                           ;
+---------------------------+--------------+-------------------------+---------------------+------------------------------------+


+--------------------------------------------------------------------------------------------------+
; Flow OS Summary                                                                                  ;
+---------------------------+---------------------------+------------+------------+----------------+
; Module Name               ; Machine Hostname          ; OS Name    ; OS Version ; Processor type ;
+---------------------------+---------------------------+------------+------------+----------------+
; Analysis & Synthesis      ; jgutierrez-ThinkPad-T450s ; Linux Mint ; 18         ; x86_64         ;
; Fitter                    ; jgutierrez-ThinkPad-T450s ; Linux Mint ; 18         ; x86_64         ;
; Assembler                 ; jgutierrez-ThinkPad-T450s ; Linux Mint ; 18         ; x86_64         ;
; TimeQuest Timing Analyzer ; jgutierrez-ThinkPad-T450s ; Linux Mint ; 18         ; x86_64         ;
; EDA Netlist Writer        ; jgutierrez-ThinkPad-T450s ; Linux Mint ; 18         ; x86_64         ;
+---------------------------+---------------------------+------------+------------+----------------+


------------
; Flow Log ;
------------
quartus_map --read_settings_files=on --write_settings_files=off GUTIERREZ_JETER_LAB_4_FALL_2017 -c GUTIERREZ_JETER_LAB_4_FALL_2017
quartus_fit --read_settings_files=off --write_settings_files=off GUTIERREZ_JETER_LAB_4_FALL_2017 -c GUTIERREZ_JETER_LAB_4_FALL_2017
quartus_asm --read_settings_files=off --write_settings_files=off GUTIERREZ_JETER_LAB_4_FALL_2017 -c GUTIERREZ_JETER_LAB_4_FALL_2017
quartus_sta GUTIERREZ_JETER_LAB_4_FALL_2017 -c GUTIERREZ_JETER_LAB_4_FALL_2017
quartus_eda --read_settings_files=off --write_settings_files=off GUTIERREZ_JETER_LAB_4_FALL_2017 -c GUTIERREZ_JETER_LAB_4_FALL_2017



