Flow report for GUTIERREZ_JETER_LAB_8_FALL_2017
Mon Dec 11 14:31:11 2017
Quartus Prime Version 16.0.0 Build 211 04/27/2016 SJ Lite Edition


---------------------
; Table of Contents ;
---------------------
  1. Legal Notice
  2. Flow Summary
  3. Flow Settings
  4. Flow Non-Default Global Settings
  5. Flow Elapsed Time
  6. Flow OS Summary
  7. Flow Log
  8. Flow Messages
  9. Flow Suppressed Messages



----------------
; Legal Notice ;
----------------
Copyright (C) 1991-2016 Altera Corporation. All rights reserved.
Your use of Altera Corporation's design tools, logic functions 
and other software and tools, and its AMPP partner logic 
functions, and any output files from any of the foregoing 
(including device programming or simulation files), and any 
associated documentation or information are expressly subject 
to the terms and conditions of the Altera Program License 
Subscription Agreement, the Altera Quartus Prime License Agreement,
the Altera MegaCore Function License Agreement, or other 
applicable license agreement, including, without limitation, 
that your use is for the sole purpose of programming logic 
devices manufactured by Altera and sold by Altera or its 
authorized distributors.  Please refer to the applicable 
agreement for further details.



+----------------------------------------------------------------------------------+
; Flow Summary                                                                     ;
+------------------------------------+---------------------------------------------+
; Flow Status                        ; Successful - Mon Dec 11 14:31:11 2017       ;
; Quartus Prime Version              ; 16.0.0 Build 211 04/27/2016 SJ Lite Edition ;
; Revision Name                      ; GUTIERREZ_JETER_LAB_8_FALL_2017             ;
; Top-level Entity Name              ; GUTI_ALU                                    ;
; Family                             ; Cyclone IV E                                ;
; Device                             ; EP4CE115F29C7                               ;
; Timing Models                      ; Final                                       ;
; Total logic elements               ; 433 / 114,480 ( < 1 % )                     ;
;     Total combinational functions  ; 433 / 114,480 ( < 1 % )                     ;
;     Dedicated logic registers      ; 0 / 114,480 ( 0 % )                         ;
; Total registers                    ; 0                                           ;
; Total pins                         ; 179 / 529 ( 34 % )                          ;
; Total virtual pins                 ; 0                                           ;
; Total memory bits                  ; 2,048 / 3,981,312 ( < 1 % )                 ;
; Embedded Multiplier 9-bit elements ; 2 / 532 ( < 1 % )                           ;
; Total PLLs                         ; 0 / 4 ( 0 % )                               ;
+------------------------------------+---------------------------------------------+


+-----------------------------------------------------+
; Flow Settings                                       ;
+-------------------+---------------------------------+
; Option            ; Setting                         ;
+-------------------+---------------------------------+
; Start date & time ; 12/11/2017 14:29:06             ;
; Main task         ; Compilation                     ;
; Revision Name     ; GUTIERREZ_JETER_LAB_8_FALL_2017 ;
+-------------------+---------------------------------+


+----------------------------------------------------------------------------------------------------------------------------------+
; Flow Non-Default Global Settings                                                                                                 ;
+-------------------------------------+---------------------------+---------------------------------+-------------+----------------+
; Assignment Name                     ; Value                     ; Default Value                   ; Entity Name ; Section Id     ;
+-------------------------------------+---------------------------+---------------------------------+-------------+----------------+
; COMPILER_SIGNATURE_ID               ; 0.151302054613597         ; --                              ; --          ; --             ;
; EDA_OUTPUT_DATA_FORMAT              ; Verilog Hdl               ; --                              ; --          ; eda_simulation ;
; EDA_SIMULATION_TOOL                 ; ModelSim-Altera (Verilog) ; <None>                          ; --          ; --             ;
; EDA_TIME_SCALE                      ; 1 ps                      ; --                              ; --          ; eda_simulation ;
; MAX_CORE_JUNCTION_TEMP              ; 85                        ; --                              ; --          ; --             ;
; MIN_CORE_JUNCTION_TEMP              ; 0                         ; --                              ; --          ; --             ;
; NOMINAL_CORE_SUPPLY_VOLTAGE         ; 1.2V                      ; --                              ; --          ; --             ;
; PARTITION_COLOR                     ; 16764057                  ; --                              ; GUTI_ALU    ; Top            ;
; PARTITION_FITTER_PRESERVATION_LEVEL ; PLACEMENT_AND_ROUTING     ; --                              ; GUTI_ALU    ; Top            ;
; PARTITION_NETLIST_TYPE              ; SOURCE                    ; --                              ; GUTI_ALU    ; Top            ;
; PROJECT_OUTPUT_DIRECTORY            ; output_files              ; --                              ; --          ; --             ;
; TOP_LEVEL_ENTITY                    ; GUTI_ALU                  ; GUTIERREZ_JETER_LAB_8_FALL_2017 ; --          ; --             ;
+-------------------------------------+---------------------------+---------------------------------+-------------+----------------+


+-------------------------------------------------------------------------------------------------------------------------------+
; Flow Elapsed Time                                                                                                             ;
+---------------------------+--------------+-------------------------+---------------------+------------------------------------+
; Module Name               ; Elapsed Time ; Average Processors Used ; Peak Virtual Memory ; Total CPU Time (on all processors) ;
+---------------------------+--------------+-------------------------+---------------------+------------------------------------+
; Analysis & Synthesis      ; 00:00:17     ; 1.0                     ; 1301 MB             ; 00:00:34                           ;
; Fitter                    ; 00:01:39     ; 1.0                     ; 1580 MB             ; 00:01:42                           ;
; Assembler                 ; 00:00:03     ; 1.0                     ; 1081 MB             ; 00:00:03                           ;
; TimeQuest Timing Analyzer ; 00:00:02     ; 1.0                     ; 1164 MB             ; 00:00:02                           ;
; EDA Netlist Writer        ; 00:00:01     ; 1.0                     ; 1332 MB             ; 00:00:01                           ;
; Total                     ; 00:02:02     ; --                      ; --                  ; 00:02:22                           ;
+---------------------------+--------------+-------------------------+---------------------+------------------------------------+


+------------------------------------------------------------------------------------------------------+
; Flow OS Summary                                                                                      ;
+---------------------------+---------------------------+----------------+------------+----------------+
; Module Name               ; Machine Hostname          ; OS Name        ; OS Version ; Processor type ;
+---------------------------+---------------------------+----------------+------------+----------------+
; Analysis & Synthesis      ; jgutierrez-ThinkPad-T450s ; Ubuntu 16.04.3 ; 16         ; x86_64         ;
; Fitter                    ; jgutierrez-ThinkPad-T450s ; Ubuntu 16.04.3 ; 16         ; x86_64         ;
; Assembler                 ; jgutierrez-ThinkPad-T450s ; Ubuntu 16.04.3 ; 16         ; x86_64         ;
; TimeQuest Timing Analyzer ; jgutierrez-ThinkPad-T450s ; Ubuntu 16.04.3 ; 16         ; x86_64         ;
; EDA Netlist Writer        ; jgutierrez-ThinkPad-T450s ; Ubuntu 16.04.3 ; 16         ; x86_64         ;
+---------------------------+---------------------------+----------------+------------+----------------+


------------
; Flow Log ;
------------
quartus_map --read_settings_files=on --write_settings_files=off GUTIERREZ_JETER_LAB_8_FALL_2017 -c GUTIERREZ_JETER_LAB_8_FALL_2017
quartus_fit --read_settings_files=off --write_settings_files=off GUTIERREZ_JETER_LAB_8_FALL_2017 -c GUTIERREZ_JETER_LAB_8_FALL_2017
quartus_asm --read_settings_files=off --write_settings_files=off GUTIERREZ_JETER_LAB_8_FALL_2017 -c GUTIERREZ_JETER_LAB_8_FALL_2017
quartus_sta GUTIERREZ_JETER_LAB_8_FALL_2017 -c GUTIERREZ_JETER_LAB_8_FALL_2017
quartus_eda --read_settings_files=off --write_settings_files=off GUTIERREZ_JETER_LAB_8_FALL_2017 -c GUTIERREZ_JETER_LAB_8_FALL_2017



