Analysis & Synthesis report for SRAM_32_BOARD
Sun Dec 10 20:16:19 2017
Quartus Prime Version 16.0.0 Build 211 04/27/2016 SJ Lite Edition


---------------------
; Table of Contents ;
---------------------
  1. Legal Notice
  2. Analysis & Synthesis Summary
  3. Analysis & Synthesis Settings
  4. Parallel Compilation
  5. Analysis & Synthesis Source Files Read
  6. Analysis & Synthesis Resource Usage Summary
  7. Analysis & Synthesis Resource Utilization by Entity
  8. User-Specified and Inferred Latches
  9. General Register Statistics
 10. Multiplexer Restructuring Statistics (Restructuring Performed)
 11. Post-Synthesis Netlist Statistics for Top Partition
 12. Elapsed Time Per Partition
 13. Analysis & Synthesis Messages



----------------
; Legal Notice ;
----------------
Copyright (C) 1991-2016 Altera Corporation. All rights reserved.
Your use of Altera Corporation's design tools, logic functions 
and other software and tools, and its AMPP partner logic 
functions, and any output files from any of the foregoing 
(including device programming or simulation files), and any 
associated documentation or information are expressly subject 
to the terms and conditions of the Altera Program License 
Subscription Agreement, the Altera Quartus Prime License Agreement,
the Altera MegaCore Function License Agreement, or other 
applicable license agreement, including, without limitation, 
that your use is for the sole purpose of programming logic 
devices manufactured by Altera and sold by Altera or its 
authorized distributors.  Please refer to the applicable 
agreement for further details.



+----------------------------------------------------------------------------------+
; Analysis & Synthesis Summary                                                     ;
+------------------------------------+---------------------------------------------+
; Analysis & Synthesis Status        ; Successful - Sun Dec 10 20:16:19 2017       ;
; Quartus Prime Version              ; 16.0.0 Build 211 04/27/2016 SJ Lite Edition ;
; Revision Name                      ; SRAM_32_BOARD                               ;
; Top-level Entity Name              ; Sram                                        ;
; Family                             ; Cyclone IV E                                ;
; Total logic elements               ; 120                                         ;
;     Total combinational functions  ; 120                                         ;
;     Dedicated logic registers      ; 0                                           ;
; Total registers                    ; 0                                           ;
; Total pins                         ; 112                                         ;
; Total virtual pins                 ; 0                                           ;
; Total memory bits                  ; 0                                           ;
; Embedded Multiplier 9-bit elements ; 0                                           ;
; Total PLLs                         ; 0                                           ;
+------------------------------------+---------------------------------------------+


+----------------------------------------------------------------------------------------------------------------------+
; Analysis & Synthesis Settings                                                                                        ;
+----------------------------------------------------------------------------+--------------------+--------------------+
; Option                                                                     ; Setting            ; Default Value      ;
+----------------------------------------------------------------------------+--------------------+--------------------+
; Device                                                                     ; EP4CE115F29C7      ;                    ;
; Top-level entity name                                                      ; Sram               ; SRAM_32_BOARD      ;
; Family name                                                                ; Cyclone IV E       ; Cyclone V          ;
; Use smart compilation                                                      ; Off                ; Off                ;
; Enable parallel Assembler and TimeQuest Timing Analyzer during compilation ; On                 ; On                 ;
; Enable compact report table                                                ; Off                ; Off                ;
; Restructure Multiplexers                                                   ; Auto               ; Auto               ;
; Create Debugging Nodes for IP Cores                                        ; Off                ; Off                ;
; Preserve fewer node names                                                  ; On                 ; On                 ;
; Disable OpenCore Plus hardware evaluation                                  ; Off                ; Off                ;
; Verilog Version                                                            ; Verilog_2001       ; Verilog_2001       ;
; VHDL Version                                                               ; VHDL_1993          ; VHDL_1993          ;
; State Machine Processing                                                   ; Auto               ; Auto               ;
; Safe State Machine                                                         ; Off                ; Off                ;
; Extract Verilog State Machines                                             ; On                 ; On                 ;
; Extract VHDL State Machines                                                ; On                 ; On                 ;
; Ignore Verilog initial constructs                                          ; Off                ; Off                ;
; Iteration limit for constant Verilog loops                                 ; 5000               ; 5000               ;
; Iteration limit for non-constant Verilog loops                             ; 250                ; 250                ;
; Add Pass-Through Logic to Inferred RAMs                                    ; On                 ; On                 ;
; Infer RAMs from Raw Logic                                                  ; On                 ; On                 ;
; Parallel Synthesis                                                         ; On                 ; On                 ;
; DSP Block Balancing                                                        ; Auto               ; Auto               ;
; NOT Gate Push-Back                                                         ; On                 ; On                 ;
; Power-Up Don't Care                                                        ; On                 ; On                 ;
; Remove Redundant Logic Cells                                               ; Off                ; Off                ;
; Remove Duplicate Registers                                                 ; On                 ; On                 ;
; Ignore CARRY Buffers                                                       ; Off                ; Off                ;
; Ignore CASCADE Buffers                                                     ; Off                ; Off                ;
; Ignore GLOBAL Buffers                                                      ; Off                ; Off                ;
; Ignore ROW GLOBAL Buffers                                                  ; Off                ; Off                ;
; Ignore LCELL Buffers                                                       ; Off                ; Off                ;
; Ignore SOFT Buffers                                                        ; On                 ; On                 ;
; Limit AHDL Integers to 32 Bits                                             ; Off                ; Off                ;
; Optimization Technique                                                     ; Balanced           ; Balanced           ;
; Carry Chain Length                                                         ; 70                 ; 70                 ;
; Auto Carry Chains                                                          ; On                 ; On                 ;
; Auto Open-Drain Pins                                                       ; On                 ; On                 ;
; Perform WYSIWYG Primitive Resynthesis                                      ; Off                ; Off                ;
; Auto ROM Replacement                                                       ; On                 ; On                 ;
; Auto RAM Replacement                                                       ; On                 ; On                 ;
; Auto DSP Block Replacement                                                 ; On                 ; On                 ;
; Auto Shift Register Replacement                                            ; Auto               ; Auto               ;
; Allow Shift Register Merging across Hierarchies                            ; Auto               ; Auto               ;
; Auto Clock Enable Replacement                                              ; On                 ; On                 ;
; Strict RAM Replacement                                                     ; Off                ; Off                ;
; Allow Synchronous Control Signals                                          ; On                 ; On                 ;
; Force Use of Synchronous Clear Signals                                     ; Off                ; Off                ;
; Auto RAM Block Balancing                                                   ; On                 ; On                 ;
; Auto RAM to Logic Cell Conversion                                          ; Off                ; Off                ;
; Auto Resource Sharing                                                      ; Off                ; Off                ;
; Allow Any RAM Size For Recognition                                         ; Off                ; Off                ;
; Allow Any ROM Size For Recognition                                         ; Off                ; Off                ;
; Allow Any Shift Register Size For Recognition                              ; Off                ; Off                ;
; Use LogicLock Constraints during Resource Balancing                        ; On                 ; On                 ;
; Ignore translate_off and synthesis_off directives                          ; Off                ; Off                ;
; Timing-Driven Synthesis                                                    ; On                 ; On                 ;
; Report Parameter Settings                                                  ; On                 ; On                 ;
; Report Source Assignments                                                  ; On                 ; On                 ;
; Report Connectivity Checks                                                 ; On                 ; On                 ;
; Ignore Maximum Fan-Out Assignments                                         ; Off                ; Off                ;
; Synchronization Register Chain Length                                      ; 2                  ; 2                  ;
; PowerPlay Power Optimization During Synthesis                              ; Normal compilation ; Normal compilation ;
; HDL message level                                                          ; Level2             ; Level2             ;
; Suppress Register Optimization Related Messages                            ; Off                ; Off                ;
; Number of Removed Registers Reported in Synthesis Report                   ; 5000               ; 5000               ;
; Number of Swept Nodes Reported in Synthesis Report                         ; 5000               ; 5000               ;
; Number of Inverted Registers Reported in Synthesis Report                  ; 100                ; 100                ;
; Clock MUX Protection                                                       ; On                 ; On                 ;
; Auto Gated Clock Conversion                                                ; Off                ; Off                ;
; Block Design Naming                                                        ; Auto               ; Auto               ;
; SDC constraint protection                                                  ; Off                ; Off                ;
; Synthesis Effort                                                           ; Auto               ; Auto               ;
; Shift Register Replacement - Allow Asynchronous Clear Signal               ; On                 ; On                 ;
; Pre-Mapping Resynthesis Optimization                                       ; Off                ; Off                ;
; Analysis & Synthesis Message Level                                         ; Medium             ; Medium             ;
; Disable Register Merging Across Hierarchies                                ; Auto               ; Auto               ;
; Resource Aware Inference For Block RAM                                     ; On                 ; On                 ;
; Synthesis Seed                                                             ; 1                  ; 1                  ;
+----------------------------------------------------------------------------+--------------------+--------------------+


Parallel compilation was disabled, but you have multiple processors available. Enable parallel compilation to reduce compilation time.
+-------------------------------------+
; Parallel Compilation                ;
+----------------------------+--------+
; Processors                 ; Number ;
+----------------------------+--------+
; Number detected on machine ; 4      ;
; Maximum allowed            ; 1      ;
+----------------------------+--------+


+-----------------------------------------------------------------------------------------------------------------------------------+
; Analysis & Synthesis Source Files Read                                                                                            ;
+----------------------------------+-----------------+-----------------+--------------------------------------------------+---------+
; File Name with User-Entered Path ; Used in Netlist ; File Type       ; File Name with Absolute Path                     ; Library ;
+----------------------------------+-----------------+-----------------+--------------------------------------------------+---------+
; dec_to_hex.vhd                   ; yes             ; User VHDL File  ; /home/jeter/Desktop/SRAM_32_BOARD/dec_to_hex.vhd ;         ;
; Sram.vhd                         ; yes             ; User VHDL File  ; /home/jeter/Desktop/SRAM_32_BOARD/Sram.vhd       ;         ;
+----------------------------------+-----------------+-----------------+--------------------------------------------------+---------+


+----------------------------------------------------------------------+
; Analysis & Synthesis Resource Usage Summary                          ;
+---------------------------------------------+------------------------+
; Resource                                    ; Usage                  ;
+---------------------------------------------+------------------------+
; Estimated Total logic elements              ; 120                    ;
;                                             ;                        ;
; Total combinational functions               ; 120                    ;
; Logic element usage by number of LUT inputs ;                        ;
;     -- 4 input functions                    ; 62                     ;
;     -- 3 input functions                    ; 39                     ;
;     -- <=2 input functions                  ; 19                     ;
;                                             ;                        ;
; Logic elements by mode                      ;                        ;
;     -- normal mode                          ; 101                    ;
;     -- arithmetic mode                      ; 19                     ;
;                                             ;                        ;
; Total registers                             ; 0                      ;
;     -- Dedicated logic registers            ; 0                      ;
;     -- I/O registers                        ; 0                      ;
;                                             ;                        ;
; I/O pins                                    ; 112                    ;
;                                             ;                        ;
; Embedded Multiplier 9-bit elements          ; 0                      ;
;                                             ;                        ;
; Maximum fan-out node                        ; ABSOLUTE_ADDRESS1[0]~0 ;
; Maximum fan-out                             ; 9                      ;
; Total fan-out                               ; 639                    ;
; Average fan-out                             ; 1.77                   ;
+---------------------------------------------+------------------------+


+--------------------------------------------------------------------------------------------------------------------------------------------------------------------------------------------+
; Analysis & Synthesis Resource Utilization by Entity                                                                                                                                        ;
+----------------------------+-------------------+--------------+-------------+--------------+---------+-----------+------+--------------+----------------------+-------------+--------------+
; Compilation Hierarchy Node ; LC Combinationals ; LC Registers ; Memory Bits ; DSP Elements ; DSP 9x9 ; DSP 18x18 ; Pins ; Virtual Pins ; Full Hierarchy Name  ; Entity Name ; Library Name ;
+----------------------------+-------------------+--------------+-------------+--------------+---------+-----------+------+--------------+----------------------+-------------+--------------+
; |Sram                      ; 120 (64)          ; 0 (0)        ; 0           ; 0            ; 0       ; 0         ; 112  ; 0            ; |Sram                ; Sram        ; work         ;
;    |dec_to_hex:Hx0|        ; 7 (7)             ; 0 (0)        ; 0           ; 0            ; 0       ; 0         ; 0    ; 0            ; |Sram|dec_to_hex:Hx0 ; dec_to_hex  ; work         ;
;    |dec_to_hex:Hx1|        ; 7 (7)             ; 0 (0)        ; 0           ; 0            ; 0       ; 0         ; 0    ; 0            ; |Sram|dec_to_hex:Hx1 ; dec_to_hex  ; work         ;
;    |dec_to_hex:Hx2|        ; 7 (7)             ; 0 (0)        ; 0           ; 0            ; 0       ; 0         ; 0    ; 0            ; |Sram|dec_to_hex:Hx2 ; dec_to_hex  ; work         ;
;    |dec_to_hex:Hx3|        ; 7 (7)             ; 0 (0)        ; 0           ; 0            ; 0       ; 0         ; 0    ; 0            ; |Sram|dec_to_hex:Hx3 ; dec_to_hex  ; work         ;
;    |dec_to_hex:Hx4|        ; 7 (7)             ; 0 (0)        ; 0           ; 0            ; 0       ; 0         ; 0    ; 0            ; |Sram|dec_to_hex:Hx4 ; dec_to_hex  ; work         ;
;    |dec_to_hex:Hx5|        ; 7 (7)             ; 0 (0)        ; 0           ; 0            ; 0       ; 0         ; 0    ; 0            ; |Sram|dec_to_hex:Hx5 ; dec_to_hex  ; work         ;
;    |dec_to_hex:Hx6|        ; 7 (7)             ; 0 (0)        ; 0           ; 0            ; 0       ; 0         ; 0    ; 0            ; |Sram|dec_to_hex:Hx6 ; dec_to_hex  ; work         ;
;    |dec_to_hex:Hx7|        ; 7 (7)             ; 0 (0)        ; 0           ; 0            ; 0       ; 0         ; 0    ; 0            ; |Sram|dec_to_hex:Hx7 ; dec_to_hex  ; work         ;
+----------------------------+-------------------+--------------+-------------+--------------+---------+-----------+------+--------------+----------------------+-------------+--------------+
Note: For table entries with two numbers listed, the numbers in parentheses indicate the number of resources of the given type used by the specific entity alone. The numbers listed outside of parentheses indicate the total resources of the given type used by the specific entity and all of its sub-entities in the hierarchy.


+-----------------------------------------------------------------------------------------------------+
; User-Specified and Inferred Latches                                                                 ;
+-----------------------------------------------------+----------------------+------------------------+
; Latch Name                                          ; Latch Enable Signal  ; Free of Timing Hazards ;
+-----------------------------------------------------+----------------------+------------------------+
; ABSOLUTE_ADDRESS[0]                                 ; ABSOLUTE_ADDRESS[4]  ; yes                    ;
; ABSOLUTE_ADDRESS[1]                                 ; ABSOLUTE_ADDRESS[4]  ; yes                    ;
; ABSOLUTE_ADDRESS[2]                                 ; ABSOLUTE_ADDRESS[4]  ; yes                    ;
; ABSOLUTE_ADDRESS[3]                                 ; ABSOLUTE_ADDRESS[4]  ; yes                    ;
; ABSOLUTE_ADDRESS[4]                                 ; ABSOLUTE_ADDRESS[4]  ; yes                    ;
; ABSOLUTE_ADDRESS[5]                                 ; ABSOLUTE_ADDRESS[5]  ; yes                    ;
; ABSOLUTE_ADDRESS[6]                                 ; ABSOLUTE_ADDRESS[5]  ; yes                    ;
; ABSOLUTE_ADDRESS[7]                                 ; ABSOLUTE_ADDRESS[5]  ; yes                    ;
; ABSOLUTE_ADDRESS[8]                                 ; ABSOLUTE_ADDRESS[5]  ; yes                    ;
; ABSOLUTE_ADDRESS[9]                                 ; ABSOLUTE_ADDRESS[5]  ; yes                    ;
; ABSOLUTE_ADDRESS[10]                                ; ABSOLUTE_ADDRESS[10] ; yes                    ;
; ABSOLUTE_ADDRESS[11]                                ; ABSOLUTE_ADDRESS[10] ; yes                    ;
; ABSOLUTE_ADDRESS[12]                                ; ABSOLUTE_ADDRESS[10] ; yes                    ;
; ABSOLUTE_ADDRESS[13]                                ; ABSOLUTE_ADDRESS[10] ; yes                    ;
; ABSOLUTE_ADDRESS[14]                                ; ABSOLUTE_ADDRESS[10] ; yes                    ;
; ABSOLUTE_ADDRESS[15]                                ; ABSOLUTE_ADDRESS[15] ; yes                    ;
; ABSOLUTE_ADDRESS[16]                                ; ABSOLUTE_ADDRESS[15] ; yes                    ;
; ABSOLUTE_ADDRESS[17]                                ; ABSOLUTE_ADDRESS[15] ; yes                    ;
; ABSOLUTE_ADDRESS[18]                                ; ABSOLUTE_ADDRESS[15] ; yes                    ;
; ABSOLUTE_ADDRESS[19]                                ; ABSOLUTE_ADDRESS[15] ; yes                    ;
; DATA[0]                                             ; DATA[0]              ; yes                    ;
; DATA[0]_661                                         ; DATA[0]              ; yes                    ;
; DATA[1]                                             ; DATA[0]              ; yes                    ;
; DATA[2]                                             ; DATA[0]              ; yes                    ;
; DATA[3]                                             ; DATA[0]              ; yes                    ;
; DATA[4]                                             ; DATA[0]              ; yes                    ;
; DATA[5]                                             ; DATA[0]              ; yes                    ;
; DATA[6]                                             ; DATA[0]              ; yes                    ;
; DATA[7]                                             ; DATA[0]              ; yes                    ;
; DATA[8]                                             ; DATA[8]              ; yes                    ;
; DATA[8]_805                                         ; DATA[8]              ; yes                    ;
; DATA[9]                                             ; DATA[8]              ; yes                    ;
; DATA[10]                                            ; DATA[8]              ; yes                    ;
; DATA[11]                                            ; DATA[8]              ; yes                    ;
; DATA[12]                                            ; DATA[8]              ; yes                    ;
; DATA[13]                                            ; DATA[8]              ; yes                    ;
; DATA[14]                                            ; DATA[8]              ; yes                    ;
; DATA[15]                                            ; DATA[8]              ; yes                    ;
; Number of user-specified and inferred latches = 38  ;                      ;                        ;
+-----------------------------------------------------+----------------------+------------------------+
Note: All latches listed above may not be present at the end of synthesis due to various synthesis optimizations.


+------------------------------------------------------+
; General Register Statistics                          ;
+----------------------------------------------+-------+
; Statistic                                    ; Value ;
+----------------------------------------------+-------+
; Total registers                              ; 0     ;
; Number of registers using Synchronous Clear  ; 0     ;
; Number of registers using Synchronous Load   ; 0     ;
; Number of registers using Asynchronous Clear ; 0     ;
; Number of registers using Asynchronous Load  ; 0     ;
; Number of registers using Clock Enable       ; 0     ;
; Number of registers using Preset             ; 0     ;
+----------------------------------------------+-------+


+------------------------------------------------------------------------------------------------------------------------------------------+
; Multiplexer Restructuring Statistics (Restructuring Performed)                                                                           ;
+--------------------+-----------+---------------+----------------------+------------------------+------------+----------------------------+
; Multiplexer Inputs ; Bus Width ; Baseline Area ; Area if Restructured ; Saving if Restructured ; Registered ; Example Multiplexer Output ;
+--------------------+-----------+---------------+----------------------+------------------------+------------+----------------------------+
; 1:1                ; 5 bits    ; 0 LEs         ; 0 LEs                ; 0 LEs                  ; No         ; |Sram|Mux17                ;
; 1:1                ; 5 bits    ; 0 LEs         ; 0 LEs                ; 0 LEs                  ; No         ; |Sram|Mux16                ;
; 1:1                ; 8 bits    ; 0 LEs         ; 0 LEs                ; 0 LEs                  ; No         ; |Sram|Mux28                ;
; 1:1                ; 8 bits    ; 0 LEs         ; 0 LEs                ; 0 LEs                  ; No         ; |Sram|Mux4                 ;
+--------------------+-----------+---------------+----------------------+------------------------+------------+----------------------------+


+-----------------------------------------------------+
; Post-Synthesis Netlist Statistics for Top Partition ;
+-----------------------+-----------------------------+
; Type                  ; Count                       ;
+-----------------------+-----------------------------+
; boundary_port         ; 112                         ;
; cycloneiii_io_obuf    ; 16                          ;
; cycloneiii_lcell_comb ; 130                         ;
;     arith             ; 19                          ;
;         2 data inputs ; 18                          ;
;         3 data inputs ; 1                           ;
;     normal            ; 111                         ;
;         0 data inputs ; 1                           ;
;         1 data inputs ; 10                          ;
;         3 data inputs ; 38                          ;
;         4 data inputs ; 62                          ;
;                       ;                             ;
; Max LUT depth         ; 4.50                        ;
; Average LUT depth     ; 2.22                        ;
+-----------------------+-----------------------------+


+-------------------------------+
; Elapsed Time Per Partition    ;
+----------------+--------------+
; Partition Name ; Elapsed Time ;
+----------------+--------------+
; Top            ; 00:00:01     ;
+----------------+--------------+


+-------------------------------+
; Analysis & Synthesis Messages ;
+-------------------------------+
Info: *******************************************************************
Info: Running Quartus Prime Analysis & Synthesis
    Info: Version 16.0.0 Build 211 04/27/2016 SJ Lite Edition
    Info: Processing started: Sun Dec 10 20:15:50 2017
Info: Command: quartus_map --read_settings_files=on --write_settings_files=off SRAM_32_BOARD -c SRAM_32_BOARD
Warning (20028): Parallel compilation is not licensed and has been disabled
Info (12021): Found 2 design units, including 1 entities, in source file dec_to_hex.vhd
    Info (12022): Found design unit 1: dec_to_hex-s File: /home/jeter/Desktop/SRAM_32_BOARD/dec_to_hex.vhd Line: 18
    Info (12023): Found entity 1: dec_to_hex File: /home/jeter/Desktop/SRAM_32_BOARD/dec_to_hex.vhd Line: 6
Info (12021): Found 2 design units, including 1 entities, in source file Sram.vhd
    Info (12022): Found design unit 1: Sram-arch File: /home/jeter/Desktop/SRAM_32_BOARD/Sram.vhd Line: 15
    Info (12023): Found entity 1: Sram File: /home/jeter/Desktop/SRAM_32_BOARD/Sram.vhd Line: 5
Info (12021): Found 2 design units, including 1 entities, in source file Ramport.vhd
    Info (12022): Found design unit 1: ramport-SYN File: /home/jeter/Desktop/SRAM_32_BOARD/Ramport.vhd Line: 55
    Info (12023): Found entity 1: Ramport File: /home/jeter/Desktop/SRAM_32_BOARD/Ramport.vhd Line: 43
Info (12127): Elaborating entity "Sram" for the top level hierarchy
Warning (10492): VHDL Process Statement warning at Sram.vhd(46): signal "INPUT" is read inside the Process Statement but isn't in the Process Statement's sensitivity list File: /home/jeter/Desktop/SRAM_32_BOARD/Sram.vhd Line: 46
Warning (10492): VHDL Process Statement warning at Sram.vhd(48): signal "INPUT" is read inside the Process Statement but isn't in the Process Statement's sensitivity list File: /home/jeter/Desktop/SRAM_32_BOARD/Sram.vhd Line: 48
Warning (10492): VHDL Process Statement warning at Sram.vhd(49): signal "INPUT" is read inside the Process Statement but isn't in the Process Statement's sensitivity list File: /home/jeter/Desktop/SRAM_32_BOARD/Sram.vhd Line: 49
Warning (10492): VHDL Process Statement warning at Sram.vhd(50): signal "INPUT" is read inside the Process Statement but isn't in the Process Statement's sensitivity list File: /home/jeter/Desktop/SRAM_32_BOARD/Sram.vhd Line: 50
Warning (10631): VHDL Process Statement warning at Sram.vhd(40): inferring latch(es) for signal or variable "DATA", which holds its previous value in one or more paths through the process File: /home/jeter/Desktop/SRAM_32_BOARD/Sram.vhd Line: 40
Warning (10492): VHDL Process Statement warning at Sram.vhd(64): signal "INPUT" is read inside the Process Statement but isn't in the Process Statement's sensitivity list File: /home/jeter/Desktop/SRAM_32_BOARD/Sram.vhd Line: 64
Warning (10492): VHDL Process Statement warning at Sram.vhd(66): signal "INPUT" is read inside the Process Statement but isn't in the Process Statement's sensitivity list File: /home/jeter/Desktop/SRAM_32_BOARD/Sram.vhd Line: 66
Warning (10492): VHDL Process Statement warning at Sram.vhd(68): signal "INPUT" is read inside the Process Statement but isn't in the Process Statement's sensitivity list File: /home/jeter/Desktop/SRAM_32_BOARD/Sram.vhd Line: 68
Warning (10492): VHDL Process Statement warning at Sram.vhd(70): signal "INPUT" is read inside the Process Statement but isn't in the Process Statement's sensitivity list File: /home/jeter/Desktop/SRAM_32_BOARD/Sram.vhd Line: 70
Warning (10631): VHDL Process Statement warning at Sram.vhd(58): inferring latch(es) for signal or variable "ABSOLUTE_ADDRESS", which holds its previous value in one or more paths through the process File: /home/jeter/Desktop/SRAM_32_BOARD/Sram.vhd Line: 58
Info (10041): Inferred latch for "ABSOLUTE_ADDRESS[0]" at Sram.vhd(58) File: /home/jeter/Desktop/SRAM_32_BOARD/Sram.vhd Line: 58
Info (10041): Inferred latch for "ABSOLUTE_ADDRESS[1]" at Sram.vhd(58) File: /home/jeter/Desktop/SRAM_32_BOARD/Sram.vhd Line: 58
Info (10041): Inferred latch for "ABSOLUTE_ADDRESS[2]" at Sram.vhd(58) File: /home/jeter/Desktop/SRAM_32_BOARD/Sram.vhd Line: 58
Info (10041): Inferred latch for "ABSOLUTE_ADDRESS[3]" at Sram.vhd(58) File: /home/jeter/Desktop/SRAM_32_BOARD/Sram.vhd Line: 58
Info (10041): Inferred latch for "ABSOLUTE_ADDRESS[4]" at Sram.vhd(58) File: /home/jeter/Desktop/SRAM_32_BOARD/Sram.vhd Line: 58
Info (10041): Inferred latch for "ABSOLUTE_ADDRESS[5]" at Sram.vhd(58) File: /home/jeter/Desktop/SRAM_32_BOARD/Sram.vhd Line: 58
Info (10041): Inferred latch for "ABSOLUTE_ADDRESS[6]" at Sram.vhd(58) File: /home/jeter/Desktop/SRAM_32_BOARD/Sram.vhd Line: 58
Info (10041): Inferred latch for "ABSOLUTE_ADDRESS[7]" at Sram.vhd(58) File: /home/jeter/Desktop/SRAM_32_BOARD/Sram.vhd Line: 58
Info (10041): Inferred latch for "ABSOLUTE_ADDRESS[8]" at Sram.vhd(58) File: /home/jeter/Desktop/SRAM_32_BOARD/Sram.vhd Line: 58
Info (10041): Inferred latch for "ABSOLUTE_ADDRESS[9]" at Sram.vhd(58) File: /home/jeter/Desktop/SRAM_32_BOARD/Sram.vhd Line: 58
Info (10041): Inferred latch for "ABSOLUTE_ADDRESS[10]" at Sram.vhd(58) File: /home/jeter/Desktop/SRAM_32_BOARD/Sram.vhd Line: 58
Info (10041): Inferred latch for "ABSOLUTE_ADDRESS[11]" at Sram.vhd(58) File: /home/jeter/Desktop/SRAM_32_BOARD/Sram.vhd Line: 58
Info (10041): Inferred latch for "ABSOLUTE_ADDRESS[12]" at Sram.vhd(58) File: /home/jeter/Desktop/SRAM_32_BOARD/Sram.vhd Line: 58
Info (10041): Inferred latch for "ABSOLUTE_ADDRESS[13]" at Sram.vhd(58) File: /home/jeter/Desktop/SRAM_32_BOARD/Sram.vhd Line: 58
Info (10041): Inferred latch for "ABSOLUTE_ADDRESS[14]" at Sram.vhd(58) File: /home/jeter/Desktop/SRAM_32_BOARD/Sram.vhd Line: 58
Info (10041): Inferred latch for "ABSOLUTE_ADDRESS[15]" at Sram.vhd(58) File: /home/jeter/Desktop/SRAM_32_BOARD/Sram.vhd Line: 58
Info (10041): Inferred latch for "ABSOLUTE_ADDRESS[16]" at Sram.vhd(58) File: /home/jeter/Desktop/SRAM_32_BOARD/Sram.vhd Line: 58
Info (10041): Inferred latch for "ABSOLUTE_ADDRESS[17]" at Sram.vhd(58) File: /home/jeter/Desktop/SRAM_32_BOARD/Sram.vhd Line: 58
Info (10041): Inferred latch for "ABSOLUTE_ADDRESS[18]" at Sram.vhd(58) File: /home/jeter/Desktop/SRAM_32_BOARD/Sram.vhd Line: 58
Info (10041): Inferred latch for "ABSOLUTE_ADDRESS[19]" at Sram.vhd(58) File: /home/jeter/Desktop/SRAM_32_BOARD/Sram.vhd Line: 58
Info (10041): Inferred latch for "DATA[0]" at Sram.vhd(40) File: /home/jeter/Desktop/SRAM_32_BOARD/Sram.vhd Line: 40
Info (10041): Inferred latch for "DATA[1]" at Sram.vhd(40) File: /home/jeter/Desktop/SRAM_32_BOARD/Sram.vhd Line: 40
Info (10041): Inferred latch for "DATA[2]" at Sram.vhd(40) File: /home/jeter/Desktop/SRAM_32_BOARD/Sram.vhd Line: 40
Info (10041): Inferred latch for "DATA[3]" at Sram.vhd(40) File: /home/jeter/Desktop/SRAM_32_BOARD/Sram.vhd Line: 40
Info (10041): Inferred latch for "DATA[4]" at Sram.vhd(40) File: /home/jeter/Desktop/SRAM_32_BOARD/Sram.vhd Line: 40
Info (10041): Inferred latch for "DATA[5]" at Sram.vhd(40) File: /home/jeter/Desktop/SRAM_32_BOARD/Sram.vhd Line: 40
Info (10041): Inferred latch for "DATA[6]" at Sram.vhd(40) File: /home/jeter/Desktop/SRAM_32_BOARD/Sram.vhd Line: 40
Info (10041): Inferred latch for "DATA[7]" at Sram.vhd(40) File: /home/jeter/Desktop/SRAM_32_BOARD/Sram.vhd Line: 40
Info (10041): Inferred latch for "DATA[8]" at Sram.vhd(40) File: /home/jeter/Desktop/SRAM_32_BOARD/Sram.vhd Line: 40
Info (10041): Inferred latch for "DATA[9]" at Sram.vhd(40) File: /home/jeter/Desktop/SRAM_32_BOARD/Sram.vhd Line: 40
Info (10041): Inferred latch for "DATA[10]" at Sram.vhd(40) File: /home/jeter/Desktop/SRAM_32_BOARD/Sram.vhd Line: 40
Info (10041): Inferred latch for "DATA[11]" at Sram.vhd(40) File: /home/jeter/Desktop/SRAM_32_BOARD/Sram.vhd Line: 40
Info (10041): Inferred latch for "DATA[12]" at Sram.vhd(40) File: /home/jeter/Desktop/SRAM_32_BOARD/Sram.vhd Line: 40
Info (10041): Inferred latch for "DATA[13]" at Sram.vhd(40) File: /home/jeter/Desktop/SRAM_32_BOARD/Sram.vhd Line: 40
Info (10041): Inferred latch for "DATA[14]" at Sram.vhd(40) File: /home/jeter/Desktop/SRAM_32_BOARD/Sram.vhd Line: 40
Info (10041): Inferred latch for "DATA[15]" at Sram.vhd(40) File: /home/jeter/Desktop/SRAM_32_BOARD/Sram.vhd Line: 40
Info (12128): Elaborating entity "dec_to_hex" for hierarchy "dec_to_hex:Hx0" File: /home/jeter/Desktop/SRAM_32_BOARD/Sram.vhd Line: 83
Warning (13012): Latch DATA[0]_661 has unsafe behavior File: /home/jeter/Desktop/SRAM_32_BOARD/Sram.vhd Line: 40
    Warning (13013): Ports D and ENA on the latch are fed by the same signal INPUT_WE File: /home/jeter/Desktop/SRAM_32_BOARD/Sram.vhd Line: 7
Warning (13012): Latch DATA[8]_805 has unsafe behavior File: /home/jeter/Desktop/SRAM_32_BOARD/Sram.vhd Line: 40
    Warning (13013): Ports D and ENA on the latch are fed by the same signal INPUT_WE File: /home/jeter/Desktop/SRAM_32_BOARD/Sram.vhd Line: 7
Warning (13024): Output pins are stuck at VCC or GND
    Warning (13410): Pin "SRAM_CE_N" is stuck at GND File: /home/jeter/Desktop/SRAM_32_BOARD/Sram.vhd Line: 12
    Warning (13410): Pin "SRAM_OE_N" is stuck at GND File: /home/jeter/Desktop/SRAM_32_BOARD/Sram.vhd Line: 12
    Warning (13410): Pin "SRAM_UB_N" is stuck at GND File: /home/jeter/Desktop/SRAM_32_BOARD/Sram.vhd Line: 12
    Warning (13410): Pin "SRAM_LB_N" is stuck at GND File: /home/jeter/Desktop/SRAM_32_BOARD/Sram.vhd Line: 12
Info (286030): Timing-Driven Synthesis is running
Info (16010): Generating hard_block partition "hard_block:auto_generated_inst"
    Info (16011): Adding 0 node(s), including 0 DDIO, 0 PLL, 0 transceiver and 0 LCELL
Warning (21074): Design contains 2 input pin(s) that do not drive logic
    Warning (15610): No output dependent on input pin "CLOCK" File: /home/jeter/Desktop/SRAM_32_BOARD/Sram.vhd Line: 7
    Warning (15610): No output dependent on input pin "SECOND" File: /home/jeter/Desktop/SRAM_32_BOARD/Sram.vhd Line: 7
Info (21057): Implemented 232 device resources after synthesis - the final resource count might be different
    Info (21058): Implemented 15 input pins
    Info (21059): Implemented 81 output pins
    Info (21060): Implemented 16 bidirectional pins
    Info (21061): Implemented 120 logic cells
Info: Quartus Prime Analysis & Synthesis was successful. 0 errors, 23 warnings
    Info: Peak virtual memory: 1244 megabytes
    Info: Processing ended: Sun Dec 10 20:16:19 2017
    Info: Elapsed time: 00:00:29
    Info: Total CPU time (on all processors): 00:01:07


